<?xml version="1.0" encoding="UTF-8"?>
<!-- Generated by org.testng.reporters.JUnitXMLReporter -->
<testsuite ignored="5" hostname="DESKTOP-8QIQ87H" failures="0" tests="3" name="Test" time="6.37" errors="0" timestamp="2023-06-20T10:31:32 PKT">
  <testcase classname="com.restassured.usermanagment.api.testcases.UseCaseManagmentTest" name="createUsecase" time="3.218"/>
  <testcase classname="com.restassured.usermanagment.api.testcases.UseCaseManagmentTest" name="getAllUseCases" time="0.561"/>
  <testcase classname="com.restassured.usermanagment.api.testcases.UseCaseManagmentTest" name="updateUseCase" time="2.396"/>
  <testcase classname="com.restassured.usermanagment.api.testcases.UserManagemantTest" name="Test01" time="0.0">
    <ignored/>
  </testcase> <!-- Test01 -->
  <testcase classname="com.restassured.usermanagment.api.testcases.UserManagemantTest" name="Test03" time="0.0">
    <ignored/>
  </testcase> <!-- Test03 -->
  <testcase classname="com.restassured.usermanagment.api.testcases.UserManagemantTest" name="Test02" time="0.0">
    <ignored/>
  </testcase> <!-- Test02 -->
  <testcase classname="com.restassured.usermanagment.api.testcases.UseCaseManagmentTest" name="dbConnection" time="0.0">
    <ignored/>
  </testcase> <!-- dbConnection -->
  <testcase classname="com.restassured.usermanagment.api.testcases.UserManagemantTest" name="Test04" time="0.0">
    <ignored/>
  </testcase> <!-- Test04 -->
</testsuite> <!-- Test -->
