<?xml version="1.0" encoding="UTF-8"?>
<!-- Generated by org.testng.reporters.JUnitXMLReporter -->
<testsuite ignored="7" hostname="DESKTOP-8QIQ87H" failures="0" tests="1" name="Default test" time="3.9" errors="0" timestamp="2023-06-01T12:48:28 PKT">
  <testcase classname="Tests.APITest" name="test_01" time="0.594"/>
  <testcase classname="Tests.APITest" name="test_02" time="0.0">
    <ignored/>
  </testcase> <!-- test_02 -->
  <testcase classname="Tests.APITest" name="test_03" time="0.0">
    <ignored/>
  </testcase> <!-- test_03 -->
  <testcase classname="Tests.APITest" name="test_04" time="0.0">
    <ignored/>
  </testcase> <!-- test_04 -->
  <testcase classname="Tests.APITest" name="test_05" time="0.0">
    <ignored/>
  </testcase> <!-- test_05 -->
  <testcase classname="Tests.APITest" name="test_06" time="0.0">
    <ignored/>
  </testcase> <!-- test_06 -->
  <testcase classname="Tests.APITest" name="test_07" time="0.0">
    <ignored/>
  </testcase> <!-- test_07 -->
  <testcase classname="Tests.APITest" name="test_08" time="0.0">
    <ignored/>
  </testcase> <!-- test_08 -->
</testsuite> <!-- Default test -->
