<?xml version="1.0" encoding="UTF-8"?>
<!-- Generated by org.testng.reporters.JUnitXMLReporter -->
<testsuite ignored="2" hostname="DESKTOP-8QIQ87H" failures="0" tests="1" name="Default test" time="3.351" errors="0" timestamp="2023-06-14T10:02:07 PKT">
  <testcase classname="com.restassured.usermanagment.api.testcases.UseCaseManagmentTest" name="createUsecase" time="3.235"/>
  <testcase classname="com.restassured.usermanagment.api.testcases.UseCaseManagmentTest" name="updateUseCase" time="0.0">
    <ignored/>
  </testcase> <!-- updateUseCase -->
  <testcase classname="com.restassured.usermanagment.api.testcases.UseCaseManagmentTest" name="getAllUseCases" time="0.0">
    <ignored/>
  </testcase> <!-- getAllUseCases -->
</testsuite> <!-- Default test -->
