<?xml version="1.0" encoding="UTF-8"?>
<!-- Generated by org.testng.reporters.JUnitXMLReporter -->
<testsuite ignored="0" hostname="DESKTOP-8QIQ87H" failures="0" tests="13" name="Demo API Tests" time="13.505" errors="0" timestamp="2023-06-06T11:47:45 PKT">
  <testcase classname="api.demo.AuthApiTest" name="test_00" time="0.92"/>
  <testcase classname="api.demo.AuthApiTest" name="test_01" time="0.965"/>
  <testcase classname="api.demo.AuthApiTest" name="test_02" time="0.825"/>
  <testcase classname="api.demo.AuthApiTest" name="test_03" time="0.599"/>
  <testcase classname="api.demo.AuthApiTest" name="test_04" time="0.046"/>
  <testcase classname="api.demo.APITest" name="test_01" time="1.147"/>
  <testcase classname="api.demo.APITest" name="test_02" time="0.7"/>
  <testcase classname="api.demo.APITest" name="test_03" time="0.519"/>
  <testcase classname="api.demo.APITest" name="test_04" time="1.301"/>
  <testcase classname="api.demo.APITest" name="test_05" time="0.819"/>
  <testcase classname="api.demo.APITest" name="test_06" time="0.007"/>
  <testcase classname="api.demo.APITest" name="test_07" time="0.004"/>
  <testcase classname="api.demo.APITest" name="test_08" time="0.9"/>
</testsuite> <!-- Demo API Tests -->
