<?xml version="1.0" encoding="UTF-8"?>
<!-- Generated by org.testng.reporters.JUnitXMLReporter -->
<testsuite ignored="0" hostname="DESKTOP-8QIQ87H" failures="0" tests="3" name="UI Test" time="9.363" errors="0" timestamp="2023-06-06T11:47:54 PKT">
  <testcase classname="ui.google.test.GoogleTest" name="test0Function" time="3.594"/>
  <testcase classname="ui.google.test.GoogleTest" name="test1Function" time="2.796"/>
  <testcase classname="ui.google.test.GoogleTest" name="testFunction" time="2.953"/>
</testsuite> <!-- UI Test -->
