<?xml version="1.0" encoding="UTF-8"?>
<!-- Generated by org.testng.reporters.JUnitXMLReporter -->
<testsuite ignored="0" hostname="DESKTOP-8QIQ87H" failures="3" tests="3" name="UserManagement API Testcases" time="1.862" errors="0" timestamp="2023-06-06T11:47:56 PKT">
  <testcase classname="api.userManagement.UserManagemantTest" name="Test01" time="0.526">
    <failure type="java.lang.AssertionError" message="expected [200] but found [404]">
      <![CDATA[java.lang.AssertionError: expected [200] but found [404]
at api.userManagement.UserManagemantTest.Test01(UserManagemantTest.java:35)
at java.base/java.util.ArrayList.forEach(ArrayList.java:1511)
... Removed 34 stack frames]]>
    </failure>
  </testcase> <!-- Test01 -->
  <testcase classname="api.userManagement.UserManagemantTest" name="Test02" time="0.582">
    <failure type="java.lang.AssertionError" message="expected [200] but found [404]">
      <![CDATA[java.lang.AssertionError: expected [200] but found [404]
at api.userManagement.UserManagemantTest.Test02(UserManagemantTest.java:52)
at java.base/java.util.ArrayList.forEach(ArrayList.java:1511)
... Removed 34 stack frames]]>
    </failure>
  </testcase> <!-- Test02 -->
  <testcase classname="api.userManagement.UserManagemantTest" name="Test03" time="0.725">
    <failure type="java.lang.AssertionError" message="expected [401] but found [404]">
      <![CDATA[java.lang.AssertionError: expected [401] but found [404]
at api.userManagement.UserManagemantTest.Test03(UserManagemantTest.java:74)
at java.base/java.util.ArrayList.forEach(ArrayList.java:1511)
... Removed 34 stack frames]]>
    </failure>
  </testcase> <!-- Test03 -->
</testsuite> <!-- UserManagement API Testcases -->
