<?xml version="1.0" encoding="UTF-8"?>
<testng-results ignored="0" total="1" passed="1" failed="0" skipped="0">
  <reporter-output>
  </reporter-output>
  <suite started-at="2023-05-31T15:46:40 PKT" name="Suite" finished-at="2023-05-31T15:46:42 PKT" duration-ms="2470">
    <groups>
    </groups>
    <test started-at="2023-05-31T15:46:40 PKT" name="Test" finished-at="2023-05-31T15:46:42 PKT" duration-ms="2470">
      <class name="UserManagement.UserManagemantTest">
        <test-method signature="Test01()[pri:0, instance:UserManagement.UserManagemantTest@387a8303]" started-at="2023-05-31T15:46:40 PKT" name="Test01" description="Verify login and get Authorizaion Token" finished-at="2023-05-31T15:46:42 PKT" duration-ms="2401" status="PASS">
          <reporter-output>
          </reporter-output>
        </test-method> <!-- Test01 -->
      </class> <!-- UserManagement.UserManagemantTest -->
    </test> <!-- Test -->
  </suite> <!-- Suite -->
</testng-results>
