<?xml version="1.0" encoding="UTF-8"?>
<testng-results ignored="5" total="8" passed="3" failed="0" skipped="0">
  <reporter-output>
  </reporter-output>
  <suite started-at="2023-06-20T10:31:25 PKT" name="FrameWork" finished-at="2023-06-20T10:31:32 PKT" duration-ms="6370">
    <groups>
      <group name="Usecase_Managmnet">
        <method signature="UseCaseManagmentTest.createUsecase()[pri:0, instance:com.restassured.usermanagment.api.testcases.UseCaseManagmentTest@730d2164]" name="createUsecase" class="com.restassured.usermanagment.api.testcases.UseCaseManagmentTest"/>
        <method signature="UseCaseManagmentTest.getAllUseCases()[pri:0, instance:com.restassured.usermanagment.api.testcases.UseCaseManagmentTest@730d2164]" name="getAllUseCases" class="com.restassured.usermanagment.api.testcases.UseCaseManagmentTest"/>
        <method signature="UseCaseManagmentTest.updateUseCase()[pri:0, instance:com.restassured.usermanagment.api.testcases.UseCaseManagmentTest@730d2164]" name="updateUseCase" class="com.restassured.usermanagment.api.testcases.UseCaseManagmentTest"/>
      </group> <!-- Usecase_Managmnet -->
    </groups>
    <test started-at="2023-06-20T10:31:25 PKT" name="Test" finished-at="2023-06-20T10:31:32 PKT" duration-ms="6370">
      <class name="com.restassured.usermanagment.api.testcases.UseCaseManagmentTest">
        <test-method is-config="true" signature="beforeMethod()[pri:0, instance:com.restassured.usermanagment.api.testcases.UseCaseManagmentTest@730d2164]" started-at="2023-06-20T10:31:26 PKT" name="beforeMethod" finished-at="2023-06-20T10:31:26 PKT" duration-ms="15" status="PASS">
          <reporter-output>
          </reporter-output>
        </test-method> <!-- beforeMethod -->
        <test-method signature="createUsecase()[pri:0, instance:com.restassured.usermanagment.api.testcases.UseCaseManagmentTest@730d2164]" started-at="2023-06-20T10:31:26 PKT" name="createUsecase" description="Create Usecase and verify newly created usecase" finished-at="2023-06-20T10:31:29 PKT" duration-ms="3218" status="PASS">
          <reporter-output>
          </reporter-output>
        </test-method> <!-- createUsecase -->
        <test-method is-config="true" signature="beforeMethod()[pri:0, instance:com.restassured.usermanagment.api.testcases.UseCaseManagmentTest@730d2164]" started-at="2023-06-20T10:31:29 PKT" name="beforeMethod" finished-at="2023-06-20T10:31:29 PKT" duration-ms="2" status="PASS">
          <reporter-output>
          </reporter-output>
        </test-method> <!-- beforeMethod -->
        <test-method signature="getAllUseCases()[pri:0, instance:com.restassured.usermanagment.api.testcases.UseCaseManagmentTest@730d2164]" started-at="2023-06-20T10:31:29 PKT" name="getAllUseCases" description="Get All Usecases" finished-at="2023-06-20T10:31:29 PKT" duration-ms="561" status="PASS">
          <reporter-output>
          </reporter-output>
        </test-method> <!-- getAllUseCases -->
        <test-method is-config="true" signature="beforeMethod()[pri:0, instance:com.restassured.usermanagment.api.testcases.UseCaseManagmentTest@730d2164]" started-at="2023-06-20T10:31:29 PKT" name="beforeMethod" finished-at="2023-06-20T10:31:29 PKT" duration-ms="1" status="PASS">
          <reporter-output>
          </reporter-output>
        </test-method> <!-- beforeMethod -->
        <test-method signature="updateUseCase()[pri:0, instance:com.restassured.usermanagment.api.testcases.UseCaseManagmentTest@730d2164]" started-at="2023-06-20T10:31:29 PKT" name="updateUseCase" description="Update Usecase and verify Updated usecase" finished-at="2023-06-20T10:31:32 PKT" duration-ms="2396" status="PASS">
          <reporter-output>
          </reporter-output>
        </test-method> <!-- updateUseCase -->
      </class> <!-- com.restassured.usermanagment.api.testcases.UseCaseManagmentTest -->
    </test> <!-- Test -->
  </suite> <!-- FrameWork -->
</testng-results>
