<?xml version="1.0" encoding="UTF-8"?>
<testng-results ignored="4" total="5" passed="1" failed="0" skipped="0">
  <reporter-output>
  </reporter-output>
  <suite started-at="2023-07-06T10:58:58 PKT" name="Default suite" finished-at="2023-07-06T10:59:02 PKT" duration-ms="3710">
    <groups>
      <group name="Account_Type">
        <method signature="AccountTypesTestClass.get_all_account_types()[pri:0, instance:com.restassured.accounttypres.api.AccountTypesTestClass@6f15d60e]" name="get_all_account_types" class="com.restassured.accounttypres.api.AccountTypesTestClass"/>
      </group> <!-- Account_Type -->
    </groups>
    <test started-at="2023-07-06T10:58:58 PKT" name="Default test" finished-at="2023-07-06T10:59:02 PKT" duration-ms="3710">
      <class name="com.restassured.accounttypres.api.AccountTypesTestClass">
        <test-method is-config="true" signature="beforeMethod()[pri:0, instance:com.restassured.accounttypres.api.AccountTypesTestClass@6f15d60e]" started-at="2023-07-06T10:58:58 PKT" name="beforeMethod" finished-at="2023-07-06T10:58:58 PKT" duration-ms="11" status="PASS">
          <reporter-output>
          </reporter-output>
        </test-method> <!-- beforeMethod -->
        <test-method signature="get_all_account_types()[pri:0, instance:com.restassured.accounttypres.api.AccountTypesTestClass@6f15d60e]" started-at="2023-07-06T10:58:58 PKT" name="get_all_account_types" description="Verify Mandatory Filters on Get all account types API" finished-at="2023-07-06T10:59:02 PKT" duration-ms="3584" status="PASS">
          <reporter-output>
          </reporter-output>
        </test-method> <!-- get_all_account_types -->
      </class> <!-- com.restassured.accounttypres.api.AccountTypesTestClass -->
    </test> <!-- Default test -->
  </suite> <!-- Default suite -->
</testng-results>
